{"/Users/cesardebarros/lab/pos/lambda-fast-food/src/adapters/cognito.js": {"path":"/Users/cesardebarros/lab/pos/lambda-fast-food/src/adapters/cognito.js","statementMap":{"0":{"start":{"line":5,"column":4},"end":{"line":5,"column":50}},"1":{"start":{"line":9,"column":19},"end":{"line":24,"column":5}},"2":{"start":{"line":26,"column":4},"end":{"line":26,"column":58}},"3":{"start":{"line":30,"column":19},"end":{"line":37,"column":5}},"4":{"start":{"line":39,"column":4},"end":{"line":39,"column":55}},"5":{"start":{"line":43,"column":19},"end":{"line":51,"column":5}},"6":{"start":{"line":53,"column":4},"end":{"line":53,"column":65}},"7":{"start":{"line":57,"column":17},"end":{"line":59,"column":5}},"8":{"start":{"line":60,"column":4},"end":{"line":60,"column":50}},"9":{"start":{"line":64,"column":0},"end":{"line":64,"column":38}}},"fnMap":{"0":{"name":"(anonymous_0)","decl":{"start":{"line":2,"column":2},"end":{"line":2,"column":3}},"loc":{"start":{"line":4,"column":5},"end":{"line":6,"column":3}},"line":4},"1":{"name":"(anonymous_1)","decl":{"start":{"line":8,"column":2},"end":{"line":8,"column":3}},"loc":{"start":{"line":8,"column":38},"end":{"line":27,"column":3}},"line":8},"2":{"name":"(anonymous_2)","decl":{"start":{"line":29,"column":2},"end":{"line":29,"column":3}},"loc":{"start":{"line":29,"column":30},"end":{"line":40,"column":3}},"line":29},"3":{"name":"(anonymous_3)","decl":{"start":{"line":42,"column":2},"end":{"line":42,"column":3}},"loc":{"start":{"line":42,"column":71},"end":{"line":54,"column":3}},"line":42},"4":{"name":"(anonymous_4)","decl":{"start":{"line":56,"column":2},"end":{"line":56,"column":3}},"loc":{"start":{"line":56,"column":23},"end":{"line":61,"column":3}},"line":56}},"branchMap":{},"s":{"0":9,"1":3,"2":3,"3":2,"4":2,"5":2,"6":2,"7":1,"8":1,"9":1},"f":{"0":9,"1":3,"2":2,"3":2,"4":1},"b":{},"_coverageSchema":"1a1c01bbd47fc00a2c39e90264f33305004495a9","hash":"05c7884e0ea7a1cb7d34b84c7e0290d71926d137"}
}
