TN:
SF:src/adapters/cognito.js
FN:2,(anonymous_0)
FN:8,(anonymous_1)
FN:29,(anonymous_2)
FNF:3
FNH:3
FNDA:5,(anonymous_0)
FNDA:3,(anonymous_1)
FNDA:2,(anonymous_2)
DA:5,5
DA:9,3
DA:26,3
DA:30,2
DA:39,2
DA:43,1
LF:6
LH:6
BRF:0
BRH:0
end_of_record
TN:
SF:src/handlers/create-user.js
FN:10,(anonymous_0)
FN:10,(anonymous_1)
FN:14,(anonymous_2)
FN:17,(anonymous_3)
FNF:4
FNH:4
FNDA:1,(anonymous_0)
FNDA:7,(anonymous_1)
FNDA:1,(anonymous_2)
FNDA:6,(anonymous_3)
DA:1,1
DA:10,1
DA:11,7
DA:13,7
DA:15,1
DA:18,6
DA:19,5
DA:21,1
DA:25,1
LF:9
LH:9
BRDA:18,0,0,5
BRDA:18,0,1,1
BRF:2
BRH:2
end_of_record
TN:
SF:src/handlers/login.js
FN:3,(anonymous_0)
FN:3,(anonymous_1)
FN:7,(anonymous_2)
FN:10,(anonymous_3)
FNF:4
FNH:4
FNDA:1,(anonymous_0)
FNDA:5,(anonymous_1)
FNDA:1,(anonymous_2)
FNDA:4,(anonymous_3)
DA:1,1
DA:3,1
DA:4,5
DA:6,5
DA:8,1
DA:11,4
DA:12,3
DA:14,1
DA:18,1
LF:9
LH:9
BRDA:11,0,0,3
BRDA:11,0,1,1
BRF:2
BRH:2
end_of_record
TN:
SF:src/repository/user.js
FN:2,(anonymous_0)
FN:6,(anonymous_1)
FN:19,(anonymous_2)
FNF:3
FNH:3
FNDA:1,(anonymous_0)
FNDA:5,(anonymous_1)
FNDA:4,(anonymous_2)
DA:3,1
DA:7,5
DA:8,1
DA:10,4
DA:11,1
DA:13,3
DA:14,1
DA:16,2
DA:20,4
DA:21,1
DA:23,3
DA:24,1
DA:26,2
DA:30,1
LF:14
LH:14
BRDA:7,0,0,1
BRDA:7,0,1,4
BRDA:10,1,0,1
BRDA:10,1,1,3
BRDA:13,2,0,1
BRDA:13,2,1,2
BRDA:20,3,0,1
BRDA:20,3,1,3
BRDA:23,4,0,1
BRDA:23,4,1,2
BRF:10
BRH:10
end_of_record
